<?xml version="1.0" encoding="UTF-8"?>
<testsuite name="com.studentapp.junit.studentsinfo.CreateStudentsDataDrivenTest" time="42.614" tests="100" errors="1" skipped="0" failures="0">
  <properties>
    <property name="java.runtime.name" value="OpenJDK Runtime Environment"/>
    <property name="java.vm.version" value="15.0.1+9-18"/>
    <property name="sun.boot.library.path" value="C:\Users\sgomezmartinez\Downloads\eclipse\plugins\org.eclipse.justj.openjdk.hotspot.jre.full.win32.x86_64_15.0.1.v20201027-0507\jre\bin"/>
    <property name="user.country.format" value="MX"/>
    <property name="maven.multiModuleProjectDirectory" value="C:\Users\sgomezmartinez\eclipse-workspace1\StudentApp"/>
    <property name="java.vm.vendor" value="Oracle Corporation"/>
    <property name="java.vendor.url" value="https://java.oracle.com/"/>
    <property name="guice.disable.misplaced.annotation.check" value="true"/>
    <property name="path.separator" value=";"/>
    <property name="java.vm.name" value="OpenJDK 64-Bit Server VM"/>
    <property name="sun.os.patch.level" value=""/>
    <property name="user.script" value=""/>
    <property name="user.country" value="US"/>
    <property name="sun.java.launcher" value="SUN_STANDARD"/>
    <property name="java.vm.specification.name" value="Java Virtual Machine Specification"/>
    <property name="user.dir" value="C:\Users\sgomezmartinez\eclipse-workspace1\StudentApp"/>
    <property name="java.vm.compressedOopsMode" value="Zero based"/>
    <property name="java.runtime.version" value="15.0.1+9-18"/>
    <property name="os.arch" value="amd64"/>
    <property name="java.io.tmpdir" value="C:\Users\SGOMEZ~1\AppData\Local\Temp\"/>
    <property name="line.separator" value="&#10;"/>
    <property name="java.vm.specification.vendor" value="Oracle Corporation"/>
    <property name="user.variant" value=""/>
    <property name="os.name" value="Windows 10"/>
    <property name="classworlds.conf" value="C:\Users\sgomezmartinez\eclipse-workspace1\.metadata\.plugins\org.eclipse.m2e.launching\launches\m2conf16721994362009205555.tmp"/>
    <property name="sun.jnu.encoding" value="Cp1252"/>
    <property name="java.library.path" value="C:\Users\sgomezmartinez\Downloads\eclipse\plugins\org.eclipse.justj.openjdk.hotspot.jre.full.win32.x86_64_15.0.1.v20201027-0507\jre\bin;C:\WINDOWS\Sun\Java\bin;C:\WINDOWS\system32;C:\WINDOWS;C:/Users/sgomezmartinez/Downloads/eclipse//plugins/org.eclipse.justj.openjdk.hotspot.jre.full.win32.x86_64_15.0.1.v20201027-0507/jre/bin/server;C:/Users/sgomezmartinez/Downloads/eclipse//plugins/org.eclipse.justj.openjdk.hotspot.jre.full.win32.x86_64_15.0.1.v20201027-0507/jre/bin;C:\Program Files (x86)\Common Files\Oracle\Java\javapath;C:\WINDOWS\system32;C:\WINDOWS;C:\WINDOWS\System32\Wbem;C:\WINDOWS\System32\WindowsPowerShell\v1.0\;C:\WINDOWS\System32\OpenSSH\;C:\Program Files\Git\cmd;C:\Program Files (x86)\Notepad++;C:\Program Files\Perforce\;%JAVA_HOME%\bin;%M2_HOME%\bin;C:\Users\sgomezmartinez\AppData\Local\Microsoft\WindowsApps;;C:\Users\sgomezmartinez\Downloads\eclipse;;."/>
    <property name="jdk.debug" value="release"/>
    <property name="java.class.version" value="59.0"/>
    <property name="java.specification.name" value="Java Platform API Specification"/>
    <property name="sun.management.compiler" value="HotSpot 64-Bit Tiered Compilers"/>
    <property name="os.version" value="10.0"/>
    <property name="user.home" value="C:\Users\sgomezmartinez"/>
    <property name="user.timezone" value="America/Mexico_City"/>
    <property name="file.encoding" value="Cp1252"/>
    <property name="java.specification.version" value="15"/>
    <property name="user.name" value="sgomezmartinez"/>
    <property name="java.class.path" value="C:\Users\sgomezmartinez\Downloads\eclipse\plugins\org.eclipse.m2e.maven.runtime_1.16.0.20200610-1735\jars\plexus-classworlds-2.6.0.jar"/>
    <property name="java.vm.specification.version" value="15"/>
    <property name="sun.arch.data.model" value="64"/>
    <property name="sun.java.command" value="org.codehaus.plexus.classworlds.launcher.Launcher -B clean verify serenity:aggregate"/>
    <property name="java.home" value="C:\Users\sgomezmartinez\Downloads\eclipse\plugins\org.eclipse.justj.openjdk.hotspot.jre.full.win32.x86_64_15.0.1.v20201027-0507\jre"/>
    <property name="user.language" value="en"/>
    <property name="java.specification.vendor" value="Oracle Corporation"/>
    <property name="user.language.format" value="es"/>
    <property name="java.vm.info" value="mixed mode"/>
    <property name="java.version" value="15.0.1"/>
    <property name="java.vendor" value="Oracle Corporation"/>
    <property name="maven.home" value="C:\Users\sgomezmartinez\eclipse-workspace1\StudentApp\EMBEDDED"/>
    <property name="file.separator" value="\"/>
    <property name="java.version.date" value="2020-10-20"/>
    <property name="java.vendor.url.bug" value="https://bugreport.java.com/bugreport/"/>
    <property name="sun.io.unicode.encoding" value="UnicodeLittle"/>
    <property name="sun.cpu.endian" value="little"/>
    <property name="sun.cpu.isalist" value="amd64"/>
  </properties>
  <testcase name="createMultiplestudents[9]" classname="com.studentapp.junit.studentsinfo.CreateStudentsDataDrivenTest" time="0.297"/>
  <testcase name="createMultiplestudents[24]" classname="com.studentapp.junit.studentsinfo.CreateStudentsDataDrivenTest" time="0"/>
  <testcase name="createMultiplestudents[23]" classname="com.studentapp.junit.studentsinfo.CreateStudentsDataDrivenTest" time="0.001"/>
  <testcase name="createMultiplestudents[11]" classname="com.studentapp.junit.studentsinfo.CreateStudentsDataDrivenTest" time="0.002"/>
  <testcase name="createMultiplestudents[20]" classname="com.studentapp.junit.studentsinfo.CreateStudentsDataDrivenTest" time="0.008">
    <error type="java.util.EmptyStackException:">java.util.EmptyStackException: null
	at com.studentapp.junit.studentsinfo.CreateStudentsDataDrivenTest.createMultiplestudents(CreateStudentsDataDrivenTest.java:87)
</error>
    <system-err><![CDATA[11144 [CreateStudentsDataDrivenTest-2-thread-12] INFO  - 
        __    _____ _____ ____ _____   ____   _    ____  ____  _____ ____  
  _     \ \  |_   _| ____/ ___|_   _| |  _ \ / \  / ___|/ ___|| ____|  _ \ 
 (_)_____| |   | | |  _| \___ \ | |   | |_) / _ \ \___ \\___ \|  _| | | | |
  _|_____| |   | | | |___ ___) || |   |  __/ ___ \ ___) |___) | |___| |_| |
 (_)     | |   |_| |_____|____/ |_|   |_| /_/   \_\____/|____/|_____|____/ 
        /_/                                                                

DataDriven Test for adding multiple students to the Student App.
----------------------------------------------------------------------------
]]></system-err>
  </testcase>
  <testcase name="createMultiplestudents[13]" classname="com.studentapp.junit.studentsinfo.CreateStudentsDataDrivenTest" time="0.008"/>
  <testcase name="createMultiplestudents[6]" classname="com.studentapp.junit.studentsinfo.CreateStudentsDataDrivenTest" time="0.008"/>
  <testcase name="createMultiplestudents[19]" classname="com.studentapp.junit.studentsinfo.CreateStudentsDataDrivenTest" time="0.009"/>
  <testcase name="createMultiplestudents[15]" classname="com.studentapp.junit.studentsinfo.CreateStudentsDataDrivenTest" time="0.01"/>
  <testcase name="createMultiplestudents[5]" classname="com.studentapp.junit.studentsinfo.CreateStudentsDataDrivenTest" time="0.01"/>
  <testcase name="createMultiplestudents[0]" classname="com.studentapp.junit.studentsinfo.CreateStudentsDataDrivenTest" time="0.012"/>
  <testcase name="createMultiplestudents[4]" classname="com.studentapp.junit.studentsinfo.CreateStudentsDataDrivenTest" time="0.012"/>
  <testcase name="createMultiplestudents[25]" classname="com.studentapp.junit.studentsinfo.CreateStudentsDataDrivenTest" time="0.309"/>
  <testcase name="createMultiplestudents[1]" classname="com.studentapp.junit.studentsinfo.CreateStudentsDataDrivenTest" time="0.653"/>
  <testcase name="createMultiplestudents[10]" classname="com.studentapp.junit.studentsinfo.CreateStudentsDataDrivenTest" time="0.653"/>
  <testcase name="createMultiplestudents[26]" classname="com.studentapp.junit.studentsinfo.CreateStudentsDataDrivenTest" time="2.031"/>
  <testcase name="createMultiplestudents[28]" classname="com.studentapp.junit.studentsinfo.CreateStudentsDataDrivenTest" time="2.032"/>
  <testcase name="createMultiplestudents[31]" classname="com.studentapp.junit.studentsinfo.CreateStudentsDataDrivenTest" time="2.035"/>
  <testcase name="createMultiplestudents[3]" classname="com.studentapp.junit.studentsinfo.CreateStudentsDataDrivenTest" time="0.289"/>
  <testcase name="createMultiplestudents[29]" classname="com.studentapp.junit.studentsinfo.CreateStudentsDataDrivenTest" time="0.298"/>
  <testcase name="createMultiplestudents[18]" classname="com.studentapp.junit.studentsinfo.CreateStudentsDataDrivenTest" time="0.649"/>
  <testcase name="createMultiplestudents[8]" classname="com.studentapp.junit.studentsinfo.CreateStudentsDataDrivenTest" time="0.65"/>
  <testcase name="createMultiplestudents[22]" classname="com.studentapp.junit.studentsinfo.CreateStudentsDataDrivenTest" time="0.65"/>
  <testcase name="createMultiplestudents[7]" classname="com.studentapp.junit.studentsinfo.CreateStudentsDataDrivenTest" time="1.255"/>
  <testcase name="createMultiplestudents[12]" classname="com.studentapp.junit.studentsinfo.CreateStudentsDataDrivenTest" time="0"/>
  <testcase name="createMultiplestudents[16]" classname="com.studentapp.junit.studentsinfo.CreateStudentsDataDrivenTest" time="0.006"/>
  <testcase name="createMultiplestudents[21]" classname="com.studentapp.junit.studentsinfo.CreateStudentsDataDrivenTest" time="0.341"/>
  <testcase name="createMultiplestudents[30]" classname="com.studentapp.junit.studentsinfo.CreateStudentsDataDrivenTest" time="0.279"/>
  <testcase name="createMultiplestudents[2]" classname="com.studentapp.junit.studentsinfo.CreateStudentsDataDrivenTest" time="0"/>
  <testcase name="createMultiplestudents[27]" classname="com.studentapp.junit.studentsinfo.CreateStudentsDataDrivenTest" time="0"/>
  <testcase name="createMultiplestudents[41]" classname="com.studentapp.junit.studentsinfo.CreateStudentsDataDrivenTest" time="0.343"/>
  <testcase name="createMultiplestudents[35]" classname="com.studentapp.junit.studentsinfo.CreateStudentsDataDrivenTest" time="0.704"/>
  <testcase name="createMultiplestudents[34]" classname="com.studentapp.junit.studentsinfo.CreateStudentsDataDrivenTest" time="0.992"/>
  <testcase name="createMultiplestudents[43]" classname="com.studentapp.junit.studentsinfo.CreateStudentsDataDrivenTest" time="0.992"/>
  <testcase name="createMultiplestudents[40]" classname="com.studentapp.junit.studentsinfo.CreateStudentsDataDrivenTest" time="0.994"/>
  <testcase name="createMultiplestudents[44]" classname="com.studentapp.junit.studentsinfo.CreateStudentsDataDrivenTest" time="0.295"/>
  <testcase name="createMultiplestudents[32]" classname="com.studentapp.junit.studentsinfo.CreateStudentsDataDrivenTest" time="0.295"/>
  <testcase name="createMultiplestudents[39]" classname="com.studentapp.junit.studentsinfo.CreateStudentsDataDrivenTest" time="0.305"/>
  <testcase name="createMultiplestudents[50]" classname="com.studentapp.junit.studentsinfo.CreateStudentsDataDrivenTest" time="0.326"/>
  <testcase name="createMultiplestudents[52]" classname="com.studentapp.junit.studentsinfo.CreateStudentsDataDrivenTest" time="0.3"/>
  <testcase name="createMultiplestudents[14]" classname="com.studentapp.junit.studentsinfo.CreateStudentsDataDrivenTest" time="0.3"/>
  <testcase name="createMultiplestudents[49]" classname="com.studentapp.junit.studentsinfo.CreateStudentsDataDrivenTest" time="0.273"/>
  <testcase name="createMultiplestudents[54]" classname="com.studentapp.junit.studentsinfo.CreateStudentsDataDrivenTest" time="0.53"/>
  <testcase name="createMultiplestudents[55]" classname="com.studentapp.junit.studentsinfo.CreateStudentsDataDrivenTest" time="0.531"/>
  <testcase name="createMultiplestudents[37]" classname="com.studentapp.junit.studentsinfo.CreateStudentsDataDrivenTest" time="0.532"/>
  <testcase name="createMultiplestudents[58]" classname="com.studentapp.junit.studentsinfo.CreateStudentsDataDrivenTest" time="0.533"/>
  <testcase name="createMultiplestudents[45]" classname="com.studentapp.junit.studentsinfo.CreateStudentsDataDrivenTest" time="0.324"/>
  <testcase name="createMultiplestudents[33]" classname="com.studentapp.junit.studentsinfo.CreateStudentsDataDrivenTest" time="0"/>
  <testcase name="createMultiplestudents[47]" classname="com.studentapp.junit.studentsinfo.CreateStudentsDataDrivenTest" time="0.445"/>
  <testcase name="createMultiplestudents[38]" classname="com.studentapp.junit.studentsinfo.CreateStudentsDataDrivenTest" time="1.382"/>
  <testcase name="createMultiplestudents[56]" classname="com.studentapp.junit.studentsinfo.CreateStudentsDataDrivenTest" time="0"/>
  <testcase name="createMultiplestudents[51]" classname="com.studentapp.junit.studentsinfo.CreateStudentsDataDrivenTest" time="0.377"/>
  <testcase name="createMultiplestudents[66]" classname="com.studentapp.junit.studentsinfo.CreateStudentsDataDrivenTest" time="0.698"/>
  <testcase name="createMultiplestudents[57]" classname="com.studentapp.junit.studentsinfo.CreateStudentsDataDrivenTest" time="0.7"/>
  <testcase name="createMultiplestudents[48]" classname="com.studentapp.junit.studentsinfo.CreateStudentsDataDrivenTest" time="0.601"/>
  <testcase name="createMultiplestudents[17]" classname="com.studentapp.junit.studentsinfo.CreateStudentsDataDrivenTest" time="0.603"/>
  <testcase name="createMultiplestudents[59]" classname="com.studentapp.junit.studentsinfo.CreateStudentsDataDrivenTest" time="0.605"/>
  <testcase name="createMultiplestudents[71]" classname="com.studentapp.junit.studentsinfo.CreateStudentsDataDrivenTest" time="0.315"/>
  <testcase name="createMultiplestudents[53]" classname="com.studentapp.junit.studentsinfo.CreateStudentsDataDrivenTest" time="0.315"/>
  <testcase name="createMultiplestudents[36]" classname="com.studentapp.junit.studentsinfo.CreateStudentsDataDrivenTest" time="0.298"/>
  <testcase name="createMultiplestudents[64]" classname="com.studentapp.junit.studentsinfo.CreateStudentsDataDrivenTest" time="0.299"/>
  <testcase name="createMultiplestudents[77]" classname="com.studentapp.junit.studentsinfo.CreateStudentsDataDrivenTest" time="0.322"/>
  <testcase name="createMultiplestudents[61]" classname="com.studentapp.junit.studentsinfo.CreateStudentsDataDrivenTest" time="0.327"/>
  <testcase name="createMultiplestudents[78]" classname="com.studentapp.junit.studentsinfo.CreateStudentsDataDrivenTest" time="0.327"/>
  <testcase name="createMultiplestudents[69]" classname="com.studentapp.junit.studentsinfo.CreateStudentsDataDrivenTest" time="0.328"/>
  <testcase name="createMultiplestudents[68]" classname="com.studentapp.junit.studentsinfo.CreateStudentsDataDrivenTest" time="0.319"/>
  <testcase name="createMultiplestudents[46]" classname="com.studentapp.junit.studentsinfo.CreateStudentsDataDrivenTest" time="0.286"/>
  <testcase name="createMultiplestudents[42]" classname="com.studentapp.junit.studentsinfo.CreateStudentsDataDrivenTest" time="0.286"/>
  <testcase name="createMultiplestudents[83]" classname="com.studentapp.junit.studentsinfo.CreateStudentsDataDrivenTest" time="0.287"/>
  <testcase name="createMultiplestudents[76]" classname="com.studentapp.junit.studentsinfo.CreateStudentsDataDrivenTest" time="0.607"/>
  <testcase name="createMultiplestudents[60]" classname="com.studentapp.junit.studentsinfo.CreateStudentsDataDrivenTest" time="0.276"/>
  <testcase name="createMultiplestudents[65]" classname="com.studentapp.junit.studentsinfo.CreateStudentsDataDrivenTest" time="0.533"/>
  <testcase name="createMultiplestudents[72]" classname="com.studentapp.junit.studentsinfo.CreateStudentsDataDrivenTest" time="1.463"/>
  <testcase name="createMultiplestudents[73]" classname="com.studentapp.junit.studentsinfo.CreateStudentsDataDrivenTest" time="0.274"/>
  <testcase name="createMultiplestudents[63]" classname="com.studentapp.junit.studentsinfo.CreateStudentsDataDrivenTest" time="0.275"/>
  <testcase name="createMultiplestudents[75]" classname="com.studentapp.junit.studentsinfo.CreateStudentsDataDrivenTest" time="0"/>
  <testcase name="createMultiplestudents[62]" classname="com.studentapp.junit.studentsinfo.CreateStudentsDataDrivenTest" time="0.001"/>
  <testcase name="createMultiplestudents[67]" classname="com.studentapp.junit.studentsinfo.CreateStudentsDataDrivenTest" time="0.002"/>
  <testcase name="createMultiplestudents[70]" classname="com.studentapp.junit.studentsinfo.CreateStudentsDataDrivenTest" time="0.262"/>
  <testcase name="createMultiplestudents[91]" classname="com.studentapp.junit.studentsinfo.CreateStudentsDataDrivenTest" time="0.617"/>
  <testcase name="createMultiplestudents[90]" classname="com.studentapp.junit.studentsinfo.CreateStudentsDataDrivenTest" time="0.264"/>
  <testcase name="createMultiplestudents[81]" classname="com.studentapp.junit.studentsinfo.CreateStudentsDataDrivenTest" time="0.524"/>
  <testcase name="createMultiplestudents[92]" classname="com.studentapp.junit.studentsinfo.CreateStudentsDataDrivenTest" time="0"/>
  <testcase name="createMultiplestudents[88]" classname="com.studentapp.junit.studentsinfo.CreateStudentsDataDrivenTest" time="0"/>
  <testcase name="createMultiplestudents[85]" classname="com.studentapp.junit.studentsinfo.CreateStudentsDataDrivenTest" time="0.316"/>
  <testcase name="createMultiplestudents[74]" classname="com.studentapp.junit.studentsinfo.CreateStudentsDataDrivenTest" time="0.282"/>
  <testcase name="createMultiplestudents[82]" classname="com.studentapp.junit.studentsinfo.CreateStudentsDataDrivenTest" time="0.626"/>
  <testcase name="createMultiplestudents[93]" classname="com.studentapp.junit.studentsinfo.CreateStudentsDataDrivenTest" time="0.895"/>
  <testcase name="createMultiplestudents[80]" classname="com.studentapp.junit.studentsinfo.CreateStudentsDataDrivenTest" time="0.895"/>
  <testcase name="createMultiplestudents[79]" classname="com.studentapp.junit.studentsinfo.CreateStudentsDataDrivenTest" time="0.602"/>
  <testcase name="createMultiplestudents[89]" classname="com.studentapp.junit.studentsinfo.CreateStudentsDataDrivenTest" time="0.319"/>
  <testcase name="createMultiplestudents[95]" classname="com.studentapp.junit.studentsinfo.CreateStudentsDataDrivenTest" time="0.321"/>
  <testcase name="createMultiplestudents[87]" classname="com.studentapp.junit.studentsinfo.CreateStudentsDataDrivenTest" time="0.322"/>
  <testcase name="createMultiplestudents[84]" classname="com.studentapp.junit.studentsinfo.CreateStudentsDataDrivenTest" time="0.618"/>
  <testcase name="createMultiplestudents[86]" classname="com.studentapp.junit.studentsinfo.CreateStudentsDataDrivenTest" time="0.619"/>
  <testcase name="createMultiplestudents[94]" classname="com.studentapp.junit.studentsinfo.CreateStudentsDataDrivenTest" time="0.312"/>
  <testcase name="createMultiplestudents[99]" classname="com.studentapp.junit.studentsinfo.CreateStudentsDataDrivenTest" time="0.276"/>
  <testcase name="createMultiplestudents[96]" classname="com.studentapp.junit.studentsinfo.CreateStudentsDataDrivenTest" time="0.277"/>
  <testcase name="createMultiplestudents[97]" classname="com.studentapp.junit.studentsinfo.CreateStudentsDataDrivenTest" time="0.314"/>
  <testcase name="createMultiplestudents[98]" classname="com.studentapp.junit.studentsinfo.CreateStudentsDataDrivenTest" time="0.326"/>
</testsuite>